<?xml version="1.0" encoding="UTF-8"?>
<testng-results skipped="0" failed="0" ignored="0" total="1" passed="1">
  <reporter-output>
  </reporter-output>
  <suite name="AllTestsSuite" duration-ms="3818" started-at="2019-08-07T16:33:14Z" finished-at="2019-08-07T16:33:17Z">
    <groups>
      <group name="cucumber">
        <method signature="AbstractTestNGCucumberTests.feature(cucumber.api.testng.CucumberFeatureWrapper)[pri:0, instance:com.EY.qa.runners.AllFeaturesRunner@34b7bfc0]" name="feature" class="cucumber.api.testng.AbstractTestNGCucumberTests"/>
      </group> <!-- cucumber -->
    </groups>
    <test name="AllTest" duration-ms="3818" started-at="2019-08-07T16:33:14Z" finished-at="2019-08-07T16:33:17Z">
      <class name="com.EY.qa.runners.AllFeaturesRunner">
        <test-method status="PASS" signature="setUpClass()[pri:0, instance:com.EY.qa.runners.AllFeaturesRunner@34b7bfc0]" name="setUpClass" is-config="true" duration-ms="202" started-at="2019-08-07T16:33:14Z" finished-at="2019-08-07T16:33:14Z">
          <reporter-output>
          </reporter-output>
        </test-method> <!-- setUpClass -->
        <test-method status="PASS" signature="feature(cucumber.api.testng.CucumberFeatureWrapper)[pri:0, instance:com.EY.qa.runners.AllFeaturesRunner@34b7bfc0]" name="feature" duration-ms="3532" started-at="2019-08-07T16:33:14Z" description="Runs Cucumber Feature" data-provider="features" finished-at="2019-08-07T16:33:17Z">
          <params>
            <param index="0">
              <value>
                <![CDATA[Login Module]]>
              </value>
            </param>
          </params>
          <reporter-output>
          </reporter-output>
        </test-method> <!-- feature -->
        <test-method status="PASS" signature="tearDownClass()[pri:0, instance:com.EY.qa.runners.AllFeaturesRunner@34b7bfc0]" name="tearDownClass" is-config="true" duration-ms="7" started-at="2019-08-07T16:33:17Z" finished-at="2019-08-07T16:33:17Z">
          <reporter-output>
          </reporter-output>
        </test-method> <!-- tearDownClass -->
      </class> <!-- com.EY.qa.runners.AllFeaturesRunner -->
    </test> <!-- AllTest -->
  </suite> <!-- AllTestsSuite -->
</testng-results>
