<?xml version="1.0" encoding="UTF-8"?>
<testsuite xmlns:xsi="http://www.w3.org/2001/XMLSchema-instance" xsi:schemaLocation="https://maven.apache.org/surefire/maven-surefire-plugin/xsd/surefire-test-report.xsd" name="TestSuite" time="16.465" tests="2" errors="0" skipped="0" failures="2">
  <properties>
[...]
</properties>
  <testcase name="feature" classname="com.EY.qa.runners.AllFeaturesRunner" time="4.521">
    <failure message="java.lang.ExceptionInInitializerError" type="cucumber.runtime.CucumberException">cucumber.runtime.CucumberException: java.lang.ExceptionInInitializerError
Caused by: java.lang.ExceptionInInitializerError
Caused by: java.lang.NullPointerException
</failure>
    <system-out><![CDATA[[TestNGContentHandler] [WARN] It is strongly recommended to add "<!DOCTYPE suite SYSTEM "http://testng.org/testng-1.0.dtd" >" at the top of your file, otherwise TestNG may fail or not work as expected.
Feature: Login Module
  Test Login module functionality
09:42:26.092 INFO  LoginSteps.java:29: Given: Browser is open
System.getProperty("hostName")chrome

  @login
  Scenario: Login into EY               # Login.feature:4
    Given Browser is open               # LoginSteps.main_page_is_loaded()
      java.lang.ExceptionInInitializerError
      	at com.EY.qa.steps.LoginSteps.main_page_is_loaded(LoginSteps.java:31)
      	at ?.Given Browser is open(Login.feature:5)
      Caused by: java.lang.NullPointerException
      	at com.EY.qa.framework.WebApp.initializeDriver(WebApp.java:99)
      	at com.EY.qa.framework.WebApp.getDriver(WebApp.java:107)
      	at com.EY.qa.framework.WebApp.<clinit>(WebApp.java:32)
      	at com.EY.qa.steps.LoginSteps.main_page_is_loaded(LoginSteps.java:31)
      	at sun.reflect.NativeMethodAccessorImpl.invoke0(Native Method)
      	at sun.reflect.NativeMethodAccessorImpl.invoke(NativeMethodAccessorImpl.java:62)
      	at sun.reflect.DelegatingMethodAccessorImpl.invoke(DelegatingMethodAccessorImpl.java:43)
      	at java.lang.reflect.Method.invoke(Method.java:498)
      	at cucumber.runtime.Utils$1.call(Utils.java:37)
      	at cucumber.runtime.Timeout.timeout(Timeout.java:13)
      	at cucumber.runtime.Utils.invoke(Utils.java:31)
      	at cucumber.runtime.java.JavaStepDefinition.execute(JavaStepDefinition.java:38)
      	at cucumber.runtime.StepDefinitionMatch.runStep(StepDefinitionMatch.java:37)
      	at cucumber.runtime.Runtime.runStep(Runtime.java:299)
      	at cucumber.runtime.model.StepContainer.runStep(StepContainer.java:44)
      	at cucumber.runtime.model.StepContainer.runSteps(StepContainer.java:39)
      	at cucumber.runtime.model.CucumberScenario.run(CucumberScenario.java:44)
      	at cucumber.runtime.model.CucumberFeature.run(CucumberFeature.java:165)
      	at cucumber.api.testng.TestNGCucumberRunner.runCucumber(TestNGCucumberRunner.java:63)
      	at cucumber.api.testng.AbstractTestNGCucumberTests.feature(AbstractTestNGCucumberTests.java:21)
      	at sun.reflect.NativeMethodAccessorImpl.invoke0(Native Method)
      	at sun.reflect.NativeMethodAccessorImpl.invoke(NativeMethodAccessorImpl.java:62)
      	at sun.reflect.DelegatingMethodAccessorImpl.invoke(DelegatingMethodAccessorImpl.java:43)
      	at java.lang.reflect.Method.invoke(Method.java:498)
      	at org.testng.internal.MethodInvocationHelper.invokeMethod(MethodInvocationHelper.java:124)
      	at org.testng.internal.Invoker.invokeMethod(Invoker.java:583)
      	at org.testng.internal.Invoker.invokeTestMethod(Invoker.java:719)
      	at org.testng.internal.Invoker.invokeTestMethods(Invoker.java:989)
      	at org.testng.internal.TestMethodWorker.invokeTestMethods(TestMethodWorker.java:125)
      	at org.testng.internal.TestMethodWorker.run(TestMethodWorker.java:109)
      	at org.testng.TestRunner.privateRun(TestRunner.java:648)
      	at org.testng.TestRunner.run(TestRunner.java:505)
      	at org.testng.SuiteRunner.runTest(SuiteRunner.java:455)
      	at org.testng.SuiteRunner.access$000(SuiteRunner.java:40)
      	at org.testng.SuiteRunner$SuiteWorker.run(SuiteRunner.java:489)
      	at org.testng.internal.thread.ThreadUtil$1.call(ThreadUtil.java:52)
      	at java.util.concurrent.FutureTask.run(FutureTask.java:266)
      	at java.util.concurrent.ThreadPoolExecutor.runWorker(ThreadPoolExecutor.java:1149)
      	at java.util.concurrent.ThreadPoolExecutor$Worker.run(ThreadPoolExecutor.java:624)
      	at java.lang.Thread.run(Thread.java:748)

    When I login into EY mail           # LoginSteps.i_login_into_the_webpage()
    Then I am able to see the main page # LoginSteps.i_am_able_to_go_main_page()
    Then exit the page                  # LoginSteps.i_am_able_exit_page()
]]></system-out>
    <system-err><![CDATA[Aug 15, 2019 9:42:23 AM org.openqa.selenium.remote.ProtocolHandshake createSession
INFO: Detected dialect: OSS
Aug 15, 2019 9:42:26 AM org.openqa.selenium.remote.DesiredCapabilities chrome
INFO: Using `new ChromeOptions()` is preferred to `DesiredCapabilities.chrome()`
Aug 15, 2019 9:42:29 AM org.openqa.selenium.remote.ProtocolHandshake createSession
INFO: Detected dialect: OSS
]]></system-err>
  </testcase>
  <testcase name="feature" classname="com.EY.qa.runners.AllFeaturesRunner" time="0.094">
    <failure message="java.lang.NoClassDefFoundError: Could not initialize class com.EY.qa.framework.WebApp" type="cucumber.runtime.CucumberException">cucumber.runtime.CucumberException: java.lang.NoClassDefFoundError: Could not initialize class com.EY.qa.framework.WebApp
Caused by: java.lang.NoClassDefFoundError: Could not initialize class com.EY.qa.framework.WebApp
</failure>
    <system-out><![CDATA[Feature: Logout Module
  Test Logout module functionality
09:42:29.391 INFO  LoginSteps.java:29: Given: Browser is open

  @logout
  Scenario: Logout from EY page         # Logout.feature:4
    Given Browser is open               # LoginSteps.main_page_is_loaded()
      java.lang.NoClassDefFoundError: Could not initialize class com.EY.qa.framework.WebApp
      	at com.EY.qa.steps.LoginSteps.main_page_is_loaded(LoginSteps.java:31)
      	at ?.Given Browser is open(Logout.feature:5)

    When I login into EY mail           # LoginSteps.i_login_into_the_webpage()
    Then I am able to see the main page # LoginSteps.i_am_able_to_go_main_page()
    Then Click on logout button         # LoginSteps.i_am_able_logout_page()
    Then exit the page                  # LoginSteps.i_am_able_exit_page()
]]></system-out>
  </testcase>
</testsuite>